<?xml version="1.0" encoding="UTF-8"?>
<beans xmlns="http://www.springframework.org/schema/beans"
    xmlns:xsi="http://www.w3.org/2001/XMLSchema-instance"
    xmlns:context="http://www.springframework.org/schema/context"
    xmlns:jms="http://www.springframework.org/schema/jms"
    xmlns:util="http://www.springframework.org/schema/util"
    xsi:schemaLocation="http://www.springframework.org/schema/beans http://www.springframework.org/schema/beans/spring-beans-3.0.xsd
        http://www.springframework.org/schema/context http://www.springframework.org/schema/context/spring-context-3.0.xsd
        http://www.springframework.org/schema/jms http://www.springframework.org/schema/jms/spring-jms-3.0.xsd
        http://www.springframework.org/schema/util http://www.springframework.org/schema/util/spring-util-3.0.xsd">

    <!--  import resource="classpath:test-jms-context.xml" / -->

	<bean id="destinationManager" class="com.mockrunner.jms.DestinationManager"/>
	<bean id="configurationManager" class="com.mockrunner.jms.ConfigurationManager"/>
    
    <bean id="xxxstubConnectionFactory" class="com.mockrunner.mock.jms.MockQueueConnectionFactory">
		<constructor-arg index="0" ref="destinationManager" />
		<constructor-arg index="1" ref="configurationManager" />		
	</bean>


	<bean id="stubConnectionFactory" class="org.apache.activemq.ActiveMQConnectionFactory">
		<constructor-arg value="vm://localhost?broker.persistent=false"></constructor-arg>
    	<!--   property name="brokerURL">
    	  <value>tcp://localhost:61616</value>
 	     </property>
 	     -->
 	 </bean>
 	<bean id="cmsListener" class="com.oneops.controller.jms.CmsListener">
		<property name="connFactory" ref="stubConnectionFactory" />
	</bean>
	 
	<bean id="inductorListener" class="com.oneops.controller.jms.InductorListener">
		<property name="connFactory" ref="stubConnectionFactory" />
		<property name="woPublisher" ref="woPublisher" />
	</bean>
	
	<bean id="inductorPublisher" class="com.oneops.controller.jms.InductorPublisher">
		<property name="connFactory" ref="stubConnectionFactory" />
		<property name="woPublisher" ref="woPublisher" />
	</bean>
	
	<bean id="woPublisher" class="com.oneops.controller.jms.WoPublisher" init-method="init">
    	<property name="asyncSearchPublisher" ref="asyncSearchPublisher" />
    </bean>
	
	<bean id="asyncSearchPublisher" class="com.oneops.util.AsyncSearchPublisher" init-method="init" destroy-method="destroy">
		<property name="connFactory" ref="stubConnectionFactory" />
		<property name="searchSender" ref="searchJmsSender" />
	</bean>
	
	<bean id="searchJmsSender" class="com.oneops.util.SearchJmsSender" init-method="init" destroy-method="destroy">
		<property name="name" value="controller-search-publish" />
		<property name="shortName" value="controller" />
		<property name="backlogThreshold" value="10" />
		<property name="scanFolder" value="/opt/oneops/controller/search/retry" />
		<property name="minFreeSpaceMB" value="50" />
	</bean>
	
</beans>